<?xml version="1.0" encoding="UTF-8"?>
<!-- Generated by org.testng.reporters.JUnitXMLReporter -->
<testsuite ignored="0" hostname="DESKTOP-V8727EP" failures="0" tests="4" name="Surefire test" time="37.741" errors="0" timestamp="2024-11-18T17:04:41 CST">
  <testcase classname="AlainVelasquez.Tests.SubmitOrderTest" name="submitOrder" time="6.177"/>
  <testcase classname="AlainVelasquez.Tests.SubmitOrderTest" name="submitOrder" time="6.243"/>
  <testcase classname="AlainVelasquez.Tests.SubmitOrderTest" name="validateOrder" time="0.829"/>
  <testcase classname="AlainVelasquez.Tests.SubmitOrderTest" name="validateOrder" time="0.854"/>
</testsuite> <!-- Surefire test -->
