<?xml version="1.0" encoding="UTF-8"?>
<!-- Generated by org.testng.reporters.JUnitXMLReporter -->
<testsuite ignored="0" hostname="DESKTOP-V8727EP" failures="0" tests="4" name="Surefire test" time="36.439" errors="0" timestamp="2024-11-21T14:55:52 CST">
  <testcase classname="AlainVelasquez.Tests.SubmitOrderTest" name="submitOrder" time="6.326"/>
  <testcase classname="AlainVelasquez.Tests.SubmitOrderTest" name="submitOrder" time="6.783"/>
  <testcase classname="AlainVelasquez.Tests.SubmitOrderTest" name="validateOrder" time="1.017"/>
  <testcase classname="AlainVelasquez.Tests.SubmitOrderTest" name="validateOrder" time="1.008"/>
</testsuite> <!-- Surefire test -->
