<?xml version="1.0" encoding="UTF-8"?>
<!-- Generated by org.testng.reporters.JUnitXMLReporter -->
<testsuite ignored="0" hostname="DESKTOP-V8727EP" failures="0" tests="2" name="Error Validation Test" time="13.689" errors="0" timestamp="2024-11-18T17:47:13 CST">
  <testcase classname="AlainVelasquez.Tests.ErrorValidation" name="invalidLogin" time="0.633"/>
  <testcase classname="AlainVelasquez.Tests.ErrorValidation" name="invalidProduct" time="5.378"/>
</testsuite> <!-- Error Validation Test -->
