<?xml version="1.0" encoding="UTF-8"?>
<!-- Generated by org.testng.reporters.JUnitXMLReporter -->
<testsuite ignored="0" hostname="DESKTOP-V8727EP" failures="0" tests="4" name="SubmitOrder" time="31.082" errors="0" timestamp="2024-11-18T17:46:59 CST">
  <testcase classname="AlainVelasquez.Tests.SubmitOrderTest" name="submitOrder" time="6.35"/>
  <testcase classname="AlainVelasquez.Tests.SubmitOrderTest" name="submitOrder" time="6.532"/>
  <testcase classname="AlainVelasquez.Tests.SubmitOrderTest" name="validateOrder" time="0.865"/>
  <testcase classname="AlainVelasquez.Tests.SubmitOrderTest" name="validateOrder" time="0.854"/>
</testsuite> <!-- SubmitOrder -->
