<?xml version="1.0" encoding="UTF-8"?>
<!-- Generated by org.testng.reporters.JUnitXMLReporter -->
<testsuite ignored="2" hostname="DESKTOP-V8727EP" failures="0" tests="0" time="0.016" errors="0" timestamp="2024-11-21T14:44:05 CST">
  <testcase classname="AlainVelasquez.Tests.ErrorValidation" name="invalidProduct" time="0.0">
    <ignored/>
  </testcase> <!-- invalidProduct -->
  <testcase classname="AlainVelasquez.Tests.ErrorValidation" name="invalidLogin" time="0.0">
    <ignored/>
  </testcase> <!-- invalidLogin -->
</testsuite>
