<?xml version="1.0" encoding="UTF-8"?>
<!-- Generated by org.testng.reporters.JUnitXMLReporter -->
<testsuite ignored="0" hostname="DESKTOP-V8727EP" failures="1" tests="3" name="Error Validation Test" time="17.912" errors="0" timestamp="2024-11-18T16:54:16 CST">
  <testcase classname="AlainVelasquez.Tests.ErrorValidation" name="invalidLogin" time="0.759">
    <skipped/>
  </testcase> <!-- invalidLogin -->
  <testcase classname="AlainVelasquez.Tests.ErrorValidation" name="invalidLogin" time="0.532">
    <failure type="java.lang.AssertionError" message="expected [Incorrect email or password.] but found [Incorrect email or password]">
      <![CDATA[java.lang.AssertionError: expected [Incorrect email or password.] but found [Incorrect email or password]
at AlainVelasquez.Tests.ErrorValidation.invalidLogin(ErrorValidation.java:16)
at java.base/java.util.ArrayList.forEach(ArrayList.java:1596)
... Removed 35 stack frames]]>
    </failure>
  </testcase> <!-- invalidLogin -->
  <testcase classname="AlainVelasquez.Tests.ErrorValidation" name="invalidProduct" time="5.306"/>
</testsuite> <!-- Error Validation Test -->
