<?xml version="1.0" encoding="UTF-8"?>
<!-- Generated by org.testng.reporters.JUnitXMLReporter -->
<testsuite ignored="1" hostname="DESKTOP-V8727EP" failures="0" tests="2" name="SubmitOrder" time="26.385" errors="0" timestamp="2024-11-21T14:44:31 CST">
  <testcase classname="AlainVelasquez.Tests.SubmitOrderTest" name="submitOrder" time="6.209"/>
  <testcase classname="AlainVelasquez.Tests.SubmitOrderTest" name="submitOrder" time="6.213"/>
  <testcase classname="AlainVelasquez.Tests.SubmitOrderTest" name="validateOrder" time="0.0">
    <ignored/>
  </testcase> <!-- validateOrder -->
</testsuite> <!-- SubmitOrder -->
