<?xml version="1.0" encoding="UTF-8"?>
<!-- Generated by org.testng.reporters.JUnitXMLReporter -->
<testsuite ignored="0" hostname="DESKTOP-V8727EP" failures="0" tests="4" name="SubmitOrder" time="32.263" errors="0" timestamp="2024-11-18T16:53:58 CST">
  <testcase classname="AlainVelasquez.Tests.SubmitOrderTest" name="submitOrder" time="6.124"/>
  <testcase classname="AlainVelasquez.Tests.SubmitOrderTest" name="submitOrder" time="6.138"/>
  <testcase classname="AlainVelasquez.Tests.SubmitOrderTest" name="validateOrder" time="0.782"/>
  <testcase classname="AlainVelasquez.Tests.SubmitOrderTest" name="validateOrder" time="0.825"/>
</testsuite> <!-- SubmitOrder -->
