<?xml version="1.0" encoding="UTF-8"?>
<testng-results ignored="0" total="4" passed="4" failed="0" skipped="0">
  <reporter-output>
  </reporter-output>
  <suite started-at="2024-11-18T17:04:03 CST" name="Surefire suite" finished-at="2024-11-18T17:04:41 CST" duration-ms="37741">
    <groups>
      <group name="Purchase">
        <method signature="SubmitOrderTest.submitOrder(java.util.HashMap)[pri:0, instance:AlainVelasquez.Tests.SubmitOrderTest@36c88a32]" name="submitOrder" class="AlainVelasquez.Tests.SubmitOrderTest"/>
      </group> <!-- Purchase -->
    </groups>
    <test started-at="2024-11-18T17:04:03 CST" name="Surefire test" finished-at="2024-11-18T17:04:41 CST" duration-ms="37741">
      <class name="AlainVelasquez.Tests.SubmitOrderTest">
        <test-method is-config="true" signature="launchPage()[pri:0, instance:AlainVelasquez.Tests.SubmitOrderTest@36c88a32]" started-at="2024-11-18T17:04:03 CST" name="launchPage" finished-at="2024-11-18T17:04:10 CST" duration-ms="6926" status="PASS">
          <reporter-output>
          </reporter-output>
        </test-method> <!-- launchPage -->
        <test-method signature="submitOrder(java.util.HashMap)[pri:0, instance:AlainVelasquez.Tests.SubmitOrderTest@36c88a32]" started-at="2024-11-18T17:04:10 CST" name="submitOrder" data-provider="getData" finished-at="2024-11-18T17:04:17 CST" duration-ms="6177" status="PASS">
          <params>
            <param index="0">
              <value>
                <![CDATA[{password=Password123, desiredProduct=ZARA COAT 3, email=viktormagnus@gmail.com}]]>
              </value>
            </param>
          </params>
          <reporter-output>
          </reporter-output>
        </test-method> <!-- submitOrder -->
        <test-method is-config="true" signature="tearDown()[pri:0, instance:AlainVelasquez.Tests.SubmitOrderTest@36c88a32]" started-at="2024-11-18T17:04:17 CST" name="tearDown" finished-at="2024-11-18T17:04:17 CST" duration-ms="153" status="PASS">
          <reporter-output>
          </reporter-output>
        </test-method> <!-- tearDown -->
        <test-method is-config="true" signature="launchPage()[pri:0, instance:AlainVelasquez.Tests.SubmitOrderTest@36c88a32]" started-at="2024-11-18T17:04:17 CST" name="launchPage" finished-at="2024-11-18T17:04:22 CST" duration-ms="5188" status="PASS">
          <reporter-output>
          </reporter-output>
        </test-method> <!-- launchPage -->
        <test-method signature="submitOrder(java.util.HashMap)[pri:0, instance:AlainVelasquez.Tests.SubmitOrderTest@36c88a32]" started-at="2024-11-18T17:04:22 CST" name="submitOrder" data-provider="getData" finished-at="2024-11-18T17:04:28 CST" duration-ms="6243" status="PASS">
          <params>
            <param index="0">
              <value>
                <![CDATA[{password=Password123, desiredProduct=ADIDAS ORIGINAL, email=magnusviktor@gmail.com}]]>
              </value>
            </param>
          </params>
          <reporter-output>
          </reporter-output>
        </test-method> <!-- submitOrder -->
        <test-method is-config="true" signature="tearDown()[pri:0, instance:AlainVelasquez.Tests.SubmitOrderTest@36c88a32]" started-at="2024-11-18T17:04:28 CST" name="tearDown" finished-at="2024-11-18T17:04:28 CST" duration-ms="91" status="PASS">
          <reporter-output>
          </reporter-output>
        </test-method> <!-- tearDown -->
        <test-method is-config="true" signature="launchPage()[pri:0, instance:AlainVelasquez.Tests.SubmitOrderTest@36c88a32]" started-at="2024-11-18T17:04:28 CST" name="launchPage" finished-at="2024-11-18T17:04:34 CST" duration-ms="5564" status="PASS">
          <reporter-output>
          </reporter-output>
        </test-method> <!-- launchPage -->
        <test-method signature="validateOrder(java.util.HashMap)[pri:0, instance:AlainVelasquez.Tests.SubmitOrderTest@36c88a32]" started-at="2024-11-18T17:04:34 CST" name="validateOrder" data-provider="getData" finished-at="2024-11-18T17:04:35 CST" depends-on-methods="AlainVelasquez.Tests.SubmitOrderTest.submitOrder" duration-ms="829" status="PASS">
          <params>
            <param index="0">
              <value>
                <![CDATA[{password=Password123, desiredProduct=ZARA COAT 3, email=viktormagnus@gmail.com}]]>
              </value>
            </param>
          </params>
          <reporter-output>
          </reporter-output>
        </test-method> <!-- validateOrder -->
        <test-method is-config="true" signature="tearDown()[pri:0, instance:AlainVelasquez.Tests.SubmitOrderTest@36c88a32]" started-at="2024-11-18T17:04:35 CST" name="tearDown" finished-at="2024-11-18T17:04:35 CST" duration-ms="67" status="PASS">
          <reporter-output>
          </reporter-output>
        </test-method> <!-- tearDown -->
        <test-method is-config="true" signature="launchPage()[pri:0, instance:AlainVelasquez.Tests.SubmitOrderTest@36c88a32]" started-at="2024-11-18T17:04:35 CST" name="launchPage" finished-at="2024-11-18T17:04:40 CST" duration-ms="5354" status="PASS">
          <reporter-output>
          </reporter-output>
        </test-method> <!-- launchPage -->
        <test-method signature="validateOrder(java.util.HashMap)[pri:0, instance:AlainVelasquez.Tests.SubmitOrderTest@36c88a32]" started-at="2024-11-18T17:04:40 CST" name="validateOrder" data-provider="getData" finished-at="2024-11-18T17:04:41 CST" depends-on-methods="AlainVelasquez.Tests.SubmitOrderTest.submitOrder" duration-ms="854" status="PASS">
          <params>
            <param index="0">
              <value>
                <![CDATA[{password=Password123, desiredProduct=ADIDAS ORIGINAL, email=magnusviktor@gmail.com}]]>
              </value>
            </param>
          </params>
          <reporter-output>
          </reporter-output>
        </test-method> <!-- validateOrder -->
        <test-method is-config="true" signature="tearDown()[pri:0, instance:AlainVelasquez.Tests.SubmitOrderTest@36c88a32]" started-at="2024-11-18T17:04:41 CST" name="tearDown" finished-at="2024-11-18T17:04:41 CST" duration-ms="75" status="PASS">
          <reporter-output>
          </reporter-output>
        </test-method> <!-- tearDown -->
      </class> <!-- AlainVelasquez.Tests.SubmitOrderTest -->
    </test> <!-- Surefire test -->
  </suite> <!-- Surefire suite -->
</testng-results>
