<?xml version="1.0" encoding="UTF-8"?>
<testng-results ignored="0" total="6" passed="6" failed="0" skipped="0">
  <reporter-output>
  </reporter-output>
  <suite started-at="2024-11-18T17:46:28 CST" name="Suite" finished-at="2024-11-18T17:47:13 CST" duration-ms="45250">
    <groups>
      <group name="ErrorHandling">
        <method signature="ErrorValidation.invalidLogin()[pri:0, instance:AlainVelasquez.Tests.ErrorValidation@e8df99a]" name="invalidLogin" class="AlainVelasquez.Tests.ErrorValidation"/>
      </group> <!-- ErrorHandling -->
      <group name="Purchase">
        <method signature="SubmitOrderTest.submitOrder(java.util.HashMap)[pri:0, instance:AlainVelasquez.Tests.SubmitOrderTest@3c9c0d96]" name="submitOrder" class="AlainVelasquez.Tests.SubmitOrderTest"/>
      </group> <!-- Purchase -->
    </groups>
    <test started-at="2024-11-18T17:46:28 CST" name="SubmitOrder" finished-at="2024-11-18T17:46:59 CST" duration-ms="31082">
      <class name="AlainVelasquez.Tests.SubmitOrderTest">
        <test-method is-config="true" signature="launchPage()[pri:0, instance:AlainVelasquez.Tests.SubmitOrderTest@3c9c0d96]" started-at="2024-11-18T17:46:28 CST" name="launchPage" finished-at="2024-11-18T17:46:32 CST" duration-ms="4401" status="PASS">
          <reporter-output>
          </reporter-output>
        </test-method> <!-- launchPage -->
        <test-method signature="submitOrder(java.util.HashMap)[pri:0, instance:AlainVelasquez.Tests.SubmitOrderTest@3c9c0d96]" started-at="2024-11-18T17:46:32 CST" name="submitOrder" data-provider="getData" finished-at="2024-11-18T17:46:39 CST" duration-ms="6350" status="PASS">
          <params>
            <param index="0">
              <value>
                <![CDATA[{password=Password123, desiredProduct=ZARA COAT 3, email=viktormagnus@gmail.com}]]>
              </value>
            </param>
          </params>
          <reporter-output>
          </reporter-output>
        </test-method> <!-- submitOrder -->
        <test-method is-config="true" signature="tearDown()[pri:0, instance:AlainVelasquez.Tests.SubmitOrderTest@3c9c0d96]" started-at="2024-11-18T17:46:39 CST" name="tearDown" finished-at="2024-11-18T17:46:39 CST" duration-ms="113" status="PASS">
          <reporter-output>
          </reporter-output>
        </test-method> <!-- tearDown -->
        <test-method is-config="true" signature="launchPage()[pri:0, instance:AlainVelasquez.Tests.SubmitOrderTest@3c9c0d96]" started-at="2024-11-18T17:46:39 CST" name="launchPage" finished-at="2024-11-18T17:46:43 CST" duration-ms="4017" status="PASS">
          <reporter-output>
          </reporter-output>
        </test-method> <!-- launchPage -->
        <test-method signature="submitOrder(java.util.HashMap)[pri:0, instance:AlainVelasquez.Tests.SubmitOrderTest@3c9c0d96]" started-at="2024-11-18T17:46:43 CST" name="submitOrder" data-provider="getData" finished-at="2024-11-18T17:46:49 CST" duration-ms="6532" status="PASS">
          <params>
            <param index="0">
              <value>
                <![CDATA[{password=Password123, desiredProduct=ADIDAS ORIGINAL, email=magnusviktor@gmail.com}]]>
              </value>
            </param>
          </params>
          <reporter-output>
          </reporter-output>
        </test-method> <!-- submitOrder -->
        <test-method is-config="true" signature="tearDown()[pri:0, instance:AlainVelasquez.Tests.SubmitOrderTest@3c9c0d96]" started-at="2024-11-18T17:46:49 CST" name="tearDown" finished-at="2024-11-18T17:46:49 CST" duration-ms="67" status="PASS">
          <reporter-output>
          </reporter-output>
        </test-method> <!-- tearDown -->
        <test-method is-config="true" signature="launchPage()[pri:0, instance:AlainVelasquez.Tests.SubmitOrderTest@3c9c0d96]" started-at="2024-11-18T17:46:49 CST" name="launchPage" finished-at="2024-11-18T17:46:53 CST" duration-ms="4026" status="PASS">
          <reporter-output>
          </reporter-output>
        </test-method> <!-- launchPage -->
        <test-method signature="validateOrder(java.util.HashMap)[pri:0, instance:AlainVelasquez.Tests.SubmitOrderTest@3c9c0d96]" started-at="2024-11-18T17:46:53 CST" name="validateOrder" data-provider="getData" finished-at="2024-11-18T17:46:54 CST" depends-on-methods="AlainVelasquez.Tests.SubmitOrderTest.submitOrder" duration-ms="865" status="PASS">
          <params>
            <param index="0">
              <value>
                <![CDATA[{password=Password123, desiredProduct=ZARA COAT 3, email=viktormagnus@gmail.com}]]>
              </value>
            </param>
          </params>
          <reporter-output>
          </reporter-output>
        </test-method> <!-- validateOrder -->
        <test-method is-config="true" signature="tearDown()[pri:0, instance:AlainVelasquez.Tests.SubmitOrderTest@3c9c0d96]" started-at="2024-11-18T17:46:54 CST" name="tearDown" finished-at="2024-11-18T17:46:54 CST" duration-ms="109" status="PASS">
          <reporter-output>
          </reporter-output>
        </test-method> <!-- tearDown -->
        <test-method is-config="true" signature="launchPage()[pri:0, instance:AlainVelasquez.Tests.SubmitOrderTest@3c9c0d96]" started-at="2024-11-18T17:46:54 CST" name="launchPage" finished-at="2024-11-18T17:46:58 CST" duration-ms="3469" status="PASS">
          <reporter-output>
          </reporter-output>
        </test-method> <!-- launchPage -->
        <test-method signature="validateOrder(java.util.HashMap)[pri:0, instance:AlainVelasquez.Tests.SubmitOrderTest@3c9c0d96]" started-at="2024-11-18T17:46:58 CST" name="validateOrder" data-provider="getData" finished-at="2024-11-18T17:46:59 CST" depends-on-methods="AlainVelasquez.Tests.SubmitOrderTest.submitOrder" duration-ms="854" status="PASS">
          <params>
            <param index="0">
              <value>
                <![CDATA[{password=Password123, desiredProduct=ADIDAS ORIGINAL, email=magnusviktor@gmail.com}]]>
              </value>
            </param>
          </params>
          <reporter-output>
          </reporter-output>
        </test-method> <!-- validateOrder -->
        <test-method is-config="true" signature="tearDown()[pri:0, instance:AlainVelasquez.Tests.SubmitOrderTest@3c9c0d96]" started-at="2024-11-18T17:46:59 CST" name="tearDown" finished-at="2024-11-18T17:46:59 CST" duration-ms="55" status="PASS">
          <reporter-output>
          </reporter-output>
        </test-method> <!-- tearDown -->
      </class> <!-- AlainVelasquez.Tests.SubmitOrderTest -->
    </test> <!-- SubmitOrder -->
    <test started-at="2024-11-18T17:46:59 CST" name="Error Validation Test" finished-at="2024-11-18T17:47:13 CST" duration-ms="13689">
      <class name="AlainVelasquez.Tests.ErrorValidation">
        <test-method is-config="true" signature="launchPage()[pri:0, instance:AlainVelasquez.Tests.ErrorValidation@e8df99a]" started-at="2024-11-18T17:46:59 CST" name="launchPage" finished-at="2024-11-18T17:47:03 CST" duration-ms="4011" status="PASS">
          <reporter-output>
          </reporter-output>
        </test-method> <!-- launchPage -->
        <test-method signature="invalidLogin()[pri:0, instance:AlainVelasquez.Tests.ErrorValidation@e8df99a]" started-at="2024-11-18T17:47:03 CST" name="invalidLogin" finished-at="2024-11-18T17:47:04 CST" duration-ms="633" status="PASS">
          <reporter-output>
          </reporter-output>
        </test-method> <!-- invalidLogin -->
        <test-method is-config="true" signature="tearDown()[pri:0, instance:AlainVelasquez.Tests.ErrorValidation@e8df99a]" started-at="2024-11-18T17:47:04 CST" name="tearDown" finished-at="2024-11-18T17:47:04 CST" duration-ms="100" status="PASS">
          <reporter-output>
          </reporter-output>
        </test-method> <!-- tearDown -->
        <test-method is-config="true" signature="launchPage()[pri:0, instance:AlainVelasquez.Tests.ErrorValidation@e8df99a]" started-at="2024-11-18T17:47:04 CST" name="launchPage" finished-at="2024-11-18T17:47:07 CST" duration-ms="3452" status="PASS">
          <reporter-output>
          </reporter-output>
        </test-method> <!-- launchPage -->
        <test-method signature="invalidProduct()[pri:0, instance:AlainVelasquez.Tests.ErrorValidation@e8df99a]" started-at="2024-11-18T17:47:07 CST" name="invalidProduct" finished-at="2024-11-18T17:47:13 CST" duration-ms="5378" status="PASS">
          <reporter-output>
          </reporter-output>
        </test-method> <!-- invalidProduct -->
        <test-method is-config="true" signature="tearDown()[pri:0, instance:AlainVelasquez.Tests.ErrorValidation@e8df99a]" started-at="2024-11-18T17:47:13 CST" name="tearDown" finished-at="2024-11-18T17:47:13 CST" duration-ms="106" status="PASS">
          <reporter-output>
          </reporter-output>
        </test-method> <!-- tearDown -->
      </class> <!-- AlainVelasquez.Tests.ErrorValidation -->
    </test> <!-- Error Validation Test -->
  </suite> <!-- Suite -->
</testng-results>
